[2022-09-15 12:09:25.423] [jointLog] [info] setting maxHashResizeThreads to 8
[2022-09-15 12:09:25.423] [jointLog] [info] Fragment incompatibility prior below threshold.  Incompatible fragments will be ignored.
[2022-09-15 12:09:25.423] [jointLog] [info] Usage of --validateMappings implies a default consensus slack of 0.2. Setting consensusSlack to 0.35.
[2022-09-15 12:09:25.423] [jointLog] [info] parsing read library format
[2022-09-15 12:09:25.423] [jointLog] [info] There is 1 library.
[2022-09-15 12:09:25.484] [jointLog] [info] Loading pufferfish index
[2022-09-15 12:09:25.484] [jointLog] [info] Loading dense pufferfish index.
[2022-09-15 12:09:40.603] [jointLog] [info] done
[2022-09-15 12:09:40.610] [jointLog] [info] Index contained 187,432 targets
[2022-09-15 12:09:40.677] [jointLog] [info] Number of decoys : 0
[2022-09-15 12:09:42.644] [jointLog] [info] Automatically detected most likely library type as SF
[2022-09-15 12:46:22.317] [jointLog] [info] Thread saw mini-batch with a maximum of 13.26% zero probability fragments
[2022-09-15 12:46:22.342] [jointLog] [info] Thread saw mini-batch with a maximum of 13.06% zero probability fragments
[2022-09-15 12:46:22.528] [jointLog] [info] Thread saw mini-batch with a maximum of 12.94% zero probability fragments
[2022-09-15 12:46:22.795] [jointLog] [info] Thread saw mini-batch with a maximum of 13.10% zero probability fragments
[2022-09-15 12:46:22.815] [jointLog] [info] Thread saw mini-batch with a maximum of 13.38% zero probability fragments
[2022-09-15 12:46:22.955] [jointLog] [info] Thread saw mini-batch with a maximum of 12.40% zero probability fragments
[2022-09-15 12:46:23.007] [jointLog] [info] Thread saw mini-batch with a maximum of 13.06% zero probability fragments
[2022-09-15 12:46:23.043] [jointLog] [info] Thread saw mini-batch with a maximum of 12.88% zero probability fragments
[2022-09-15 12:46:24.439] [jointLog] [info] Computed 565,902 rich equivalence classes for further processing
[2022-09-15 12:46:24.439] [jointLog] [info] Counted 22,532,823 total reads in the equivalence classes 
[2022-09-15 12:46:24.439] [fileLog] [info] 
At end of round 0
==================
Observed 48281076 total fragments (48281076 in most recent round)

[2022-09-15 12:46:24.452] [jointLog] [info] Number of mappings discarded because of alignment score : 167,764,482
[2022-09-15 12:46:24.452] [jointLog] [info] Number of fragments entirely discarded because of alignment score : 12,677,982
[2022-09-15 12:46:24.452] [jointLog] [info] Number of fragments discarded because they are best-mapped to decoys : 0
[2022-09-15 12:46:24.452] [jointLog] [info] Number of fragments discarded because they have only dovetail (discordant) mappings to valid targets : 0
[2022-09-15 12:46:24.452] [jointLog] [info] Mapping rate = 46.6701%

[2022-09-15 12:46:24.452] [jointLog] [info] finished quantifyLibrary()
[2022-09-15 12:46:24.459] [jointLog] [info] Starting optimizer
[2022-09-15 12:46:25.550] [jointLog] [info] Marked 0 weighted equivalence classes as degenerate
[2022-09-15 12:46:26.215] [jointLog] [info] iteration = 0 | max rel diff. = 6601.23
[2022-09-15 12:47:32.149] [jointLog] [info] iteration = 100 | max rel diff. = 20.3329
[2022-09-15 12:48:43.847] [jointLog] [info] iteration = 200 | max rel diff. = 9.85248
[2022-09-15 12:49:51.945] [jointLog] [info] iteration = 300 | max rel diff. = 9.68826
[2022-09-15 12:51:00.900] [jointLog] [info] iteration = 400 | max rel diff. = 10.9919
[2022-09-15 12:52:11.782] [jointLog] [info] iteration = 500 | max rel diff. = 4.91833
[2022-09-15 12:53:18.589] [jointLog] [info] iteration = 600 | max rel diff. = 0.354747
[2022-09-15 12:54:27.197] [jointLog] [info] iteration = 700 | max rel diff. = 1.55748
[2022-09-15 12:55:34.608] [jointLog] [info] iteration = 800 | max rel diff. = 1.1127
[2022-09-15 12:56:44.613] [jointLog] [info] iteration = 900 | max rel diff. = 0.803031
[2022-09-15 12:57:50.756] [jointLog] [info] iteration = 1,000 | max rel diff. = 2.02619
[2022-09-15 12:59:00.443] [jointLog] [info] iteration = 1,100 | max rel diff. = 3.6873
[2022-09-15 13:00:06.527] [jointLog] [info] iteration = 1,200 | max rel diff. = 0.538006
[2022-09-15 13:01:15.134] [jointLog] [info] iteration = 1,300 | max rel diff. = 0.0568134
[2022-09-15 13:02:25.215] [jointLog] [info] iteration = 1,400 | max rel diff. = 0.237782
[2022-09-15 13:03:32.690] [jointLog] [info] iteration = 1,500 | max rel diff. = 0.473748
[2022-09-15 13:04:42.200] [jointLog] [info] iteration = 1,600 | max rel diff. = 13.6111
[2022-09-15 13:05:48.910] [jointLog] [info] iteration = 1,700 | max rel diff. = 0.024657
[2022-09-15 13:06:55.396] [jointLog] [info] iteration = 1,800 | max rel diff. = 0.0164237
[2022-09-15 13:08:02.254] [jointLog] [info] iteration = 1,900 | max rel diff. = 11.7931
[2022-09-15 13:08:02.948] [jointLog] [info] iteration = 1,902 | max rel diff. = 0.00958782
[2022-09-15 13:08:02.992] [jointLog] [info] Finished optimizer
[2022-09-15 13:08:02.992] [jointLog] [info] writing output 

