[2022-09-15 12:09:25.412] [jointLog] [info] setting maxHashResizeThreads to 8
[2022-09-15 12:09:25.412] [jointLog] [info] Fragment incompatibility prior below threshold.  Incompatible fragments will be ignored.
[2022-09-15 12:09:25.412] [jointLog] [info] Usage of --validateMappings implies a default consensus slack of 0.2. Setting consensusSlack to 0.35.
[2022-09-15 12:09:25.412] [jointLog] [info] parsing read library format
[2022-09-15 12:09:25.412] [jointLog] [info] There is 1 library.
[2022-09-15 12:09:25.478] [jointLog] [info] Loading pufferfish index
[2022-09-15 12:09:25.480] [jointLog] [info] Loading dense pufferfish index.
[2022-09-15 12:09:40.603] [jointLog] [info] done
[2022-09-15 12:09:40.610] [jointLog] [info] Index contained 187,432 targets
[2022-09-15 12:09:40.709] [jointLog] [info] Number of decoys : 0
[2022-09-15 12:09:42.531] [jointLog] [info] Automatically detected most likely library type as SF
[2022-09-15 12:45:59.805] [jointLog] [info] Thread saw mini-batch with a maximum of 12.44% zero probability fragments
[2022-09-15 12:46:00.260] [jointLog] [info] Thread saw mini-batch with a maximum of 12.28% zero probability fragments
[2022-09-15 12:46:00.367] [jointLog] [info] Thread saw mini-batch with a maximum of 12.26% zero probability fragments
[2022-09-15 12:46:00.482] [jointLog] [info] Thread saw mini-batch with a maximum of 12.72% zero probability fragments
[2022-09-15 12:46:00.562] [jointLog] [info] Thread saw mini-batch with a maximum of 13.08% zero probability fragments
[2022-09-15 12:46:00.582] [jointLog] [info] Thread saw mini-batch with a maximum of 12.86% zero probability fragments
[2022-09-15 12:46:00.612] [jointLog] [info] Thread saw mini-batch with a maximum of 12.70% zero probability fragments
[2022-09-15 12:46:00.624] [jointLog] [info] Thread saw mini-batch with a maximum of 13.42% zero probability fragments
[2022-09-15 12:46:01.874] [fileLog] [info] 
At end of round 0
==================
Observed 52726861 total fragments (52726861 in most recent round)

[2022-09-15 12:46:01.873] [jointLog] [info] Computed 598,864 rich equivalence classes for further processing
[2022-09-15 12:46:01.873] [jointLog] [info] Counted 24,994,426 total reads in the equivalence classes 
[2022-09-15 12:46:01.884] [jointLog] [info] Number of mappings discarded because of alignment score : 163,724,044
[2022-09-15 12:46:01.884] [jointLog] [info] Number of fragments entirely discarded because of alignment score : 11,932,572
[2022-09-15 12:46:01.884] [jointLog] [info] Number of fragments discarded because they are best-mapped to decoys : 0
[2022-09-15 12:46:01.884] [jointLog] [info] Number of fragments discarded because they have only dovetail (discordant) mappings to valid targets : 0
[2022-09-15 12:46:01.884] [jointLog] [info] Mapping rate = 47.4036%

[2022-09-15 12:46:01.884] [jointLog] [info] finished quantifyLibrary()
[2022-09-15 12:46:01.899] [jointLog] [info] Starting optimizer
[2022-09-15 12:46:02.749] [jointLog] [info] Marked 0 weighted equivalence classes as degenerate
[2022-09-15 12:46:03.238] [jointLog] [info] iteration = 0 | max rel diff. = 6664.43
[2022-09-15 12:46:54.686] [jointLog] [info] iteration = 100 | max rel diff. = 19.5075
[2022-09-15 12:47:46.490] [jointLog] [info] iteration = 200 | max rel diff. = 10.3172
[2022-09-15 12:48:37.773] [jointLog] [info] iteration = 300 | max rel diff. = 13.9142
[2022-09-15 12:49:28.966] [jointLog] [info] iteration = 400 | max rel diff. = 4.50048
[2022-09-15 12:50:22.508] [jointLog] [info] iteration = 500 | max rel diff. = 1.96617
[2022-09-15 12:51:18.697] [jointLog] [info] iteration = 600 | max rel diff. = 7.66606
[2022-09-15 12:52:13.520] [jointLog] [info] iteration = 700 | max rel diff. = 9.40665
[2022-09-15 12:53:07.085] [jointLog] [info] iteration = 800 | max rel diff. = 0.295383
[2022-09-15 12:54:03.008] [jointLog] [info] iteration = 900 | max rel diff. = 7.73055
[2022-09-15 12:55:02.608] [jointLog] [info] iteration = 1,000 | max rel diff. = 0.148213
[2022-09-15 12:56:01.950] [jointLog] [info] iteration = 1,100 | max rel diff. = 0.308323
[2022-09-15 12:56:53.633] [jointLog] [info] iteration = 1,200 | max rel diff. = 0.247772
[2022-09-15 12:57:47.104] [jointLog] [info] iteration = 1,300 | max rel diff. = 0.0407609
[2022-09-15 12:58:40.490] [jointLog] [info] iteration = 1,400 | max rel diff. = 0.128938
[2022-09-15 12:59:35.686] [jointLog] [info] iteration = 1,500 | max rel diff. = 0.0147768
[2022-09-15 13:00:30.303] [jointLog] [info] iteration = 1,600 | max rel diff. = 0.448808
[2022-09-15 13:01:22.935] [jointLog] [info] iteration = 1,700 | max rel diff. = 0.0167989
[2022-09-15 13:02:12.263] [jointLog] [info] iteration = 1,800 | max rel diff. = 0.0184139
[2022-09-15 13:03:03.471] [jointLog] [info] iteration = 1,900 | max rel diff. = 0.019116
[2022-09-15 13:03:56.235] [jointLog] [info] iteration = 2,000 | max rel diff. = 0.0397254
[2022-09-15 13:04:11.626] [jointLog] [info] iteration = 2,029 | max rel diff. = 0.00803175
[2022-09-15 13:04:11.674] [jointLog] [info] Finished optimizer
[2022-09-15 13:04:11.674] [jointLog] [info] writing output 

