[2022-09-15 12:09:24.770] [jointLog] [info] setting maxHashResizeThreads to 8
[2022-09-15 12:09:24.770] [jointLog] [info] Fragment incompatibility prior below threshold.  Incompatible fragments will be ignored.
[2022-09-15 12:09:24.770] [jointLog] [info] Usage of --validateMappings implies a default consensus slack of 0.2. Setting consensusSlack to 0.35.
[2022-09-15 12:09:24.770] [jointLog] [info] parsing read library format
[2022-09-15 12:09:24.770] [jointLog] [info] There is 1 library.
[2022-09-15 12:09:24.818] [jointLog] [info] Loading pufferfish index
[2022-09-15 12:09:24.820] [jointLog] [info] Loading dense pufferfish index.
[2022-09-15 12:09:40.603] [jointLog] [info] done
[2022-09-15 12:09:40.611] [jointLog] [info] Index contained 187,432 targets
[2022-09-15 12:09:40.684] [jointLog] [info] Number of decoys : 0
[2022-09-15 12:09:41.887] [jointLog] [info] Automatically detected most likely library type as SF
[2022-09-15 12:30:35.721] [jointLog] [info] Thread saw mini-batch with a maximum of 18.98% zero probability fragments
[2022-09-15 12:30:35.738] [jointLog] [info] Thread saw mini-batch with a maximum of 18.24% zero probability fragments
[2022-09-15 12:30:35.868] [jointLog] [info] Thread saw mini-batch with a maximum of 18.54% zero probability fragments
[2022-09-15 12:30:36.094] [jointLog] [info] Thread saw mini-batch with a maximum of 18.40% zero probability fragments
[2022-09-15 12:30:36.173] [jointLog] [info] Thread saw mini-batch with a maximum of 18.76% zero probability fragments
[2022-09-15 12:30:36.184] [jointLog] [info] Thread saw mini-batch with a maximum of 18.42% zero probability fragments
[2022-09-15 12:30:36.191] [jointLog] [info] Thread saw mini-batch with a maximum of 18.44% zero probability fragments
[2022-09-15 12:30:36.249] [jointLog] [info] Thread saw mini-batch with a maximum of 18.42% zero probability fragments
[2022-09-15 12:30:36.818] [jointLog] [info] Computed 455,083 rich equivalence classes for further processing
[2022-09-15 12:30:36.818] [jointLog] [info] Counted 14,788,635 total reads in the equivalence classes 
[2022-09-15 12:30:36.825] [jointLog] [info] Number of mappings discarded because of alignment score : 150,539,954
[2022-09-15 12:30:36.825] [jointLog] [info] Number of fragments entirely discarded because of alignment score : 10,521,555
[2022-09-15 12:30:36.825] [jointLog] [info] Number of fragments discarded because they are best-mapped to decoys : 0
[2022-09-15 12:30:36.825] [jointLog] [info] Number of fragments discarded because they have only dovetail (discordant) mappings to valid targets : 0
[2022-09-15 12:30:36.825] [jointLog] [info] Mapping rate = 37.7573%

[2022-09-15 12:30:36.825] [jointLog] [info] finished quantifyLibrary()
[2022-09-15 12:30:36.833] [jointLog] [info] Starting optimizer
[2022-09-15 12:30:36.818] [fileLog] [info] 
At end of round 0
==================
Observed 39167609 total fragments (39167609 in most recent round)

[2022-09-15 12:30:37.456] [jointLog] [info] Marked 0 weighted equivalence classes as degenerate
[2022-09-15 12:30:37.708] [jointLog] [info] iteration = 0 | max rel diff. = 5548.26
[2022-09-15 12:31:02.861] [jointLog] [info] iteration = 100 | max rel diff. = 20.2013
[2022-09-15 12:31:27.783] [jointLog] [info] iteration = 200 | max rel diff. = 8.66117
[2022-09-15 12:31:52.607] [jointLog] [info] iteration = 300 | max rel diff. = 4.82297
[2022-09-15 12:32:12.554] [jointLog] [info] iteration = 400 | max rel diff. = 2.50078
[2022-09-15 12:32:32.028] [jointLog] [info] iteration = 500 | max rel diff. = 4.07239
[2022-09-15 12:32:51.492] [jointLog] [info] iteration = 600 | max rel diff. = 2.70911
[2022-09-15 12:33:10.962] [jointLog] [info] iteration = 700 | max rel diff. = 8.40833
[2022-09-15 12:33:30.424] [jointLog] [info] iteration = 800 | max rel diff. = 0.0929186
[2022-09-15 12:33:49.843] [jointLog] [info] iteration = 900 | max rel diff. = 1.09915
[2022-09-15 12:34:09.257] [jointLog] [info] iteration = 1,000 | max rel diff. = 0.174539
[2022-09-15 12:34:28.660] [jointLog] [info] iteration = 1,100 | max rel diff. = 0.110453
[2022-09-15 12:34:48.034] [jointLog] [info] iteration = 1,200 | max rel diff. = 0.469698
[2022-09-15 12:35:07.398] [jointLog] [info] iteration = 1,300 | max rel diff. = 0.272551
[2022-09-15 12:35:26.721] [jointLog] [info] iteration = 1,400 | max rel diff. = 0.28675
[2022-09-15 12:35:31.954] [jointLog] [info] iteration = 1,428 | max rel diff. = 0.00989534
[2022-09-15 12:35:31.993] [jointLog] [info] Finished optimizer
[2022-09-15 12:35:31.993] [jointLog] [info] writing output 

